<?xml version="1.0" encoding="UTF-8"?>
<!-- Generated by org.testng.reporters.JUnitXMLReporter -->
<testsuite ignored="0" hostname="LAP14108" failures="0" tests="3" name="Command line test" time="0.047" errors="0" timestamp="2022-10-13T18:00:50 ICT">
  <testcase classname="baiTap.practice.algorithm.TestUser" name="canSetPassword" time="0.004"/>
  <testcase classname="baiTap.practice.algorithm.TestUser" name="createUser" time="0.006"/>
  <testcase classname="baiTap.practice.algorithm.TestUser" name="triangle" time="0.006"/>
</testsuite> <!-- Command line test -->
