<?xml version="1.0" encoding="UTF-8"?>
<!-- Generated by org.testng.reporters.JUnitXMLReporter -->
<testsuite ignored="0" hostname="LAP14108" failures="0" tests="3" name="Command line test" time="0.05" errors="0" timestamp="2022-09-04T17:13:03 ICT">
  <testcase classname="baiTap.practice.algorithm.TestUser" name="canSetPassword" time="0.005"/>
  <testcase classname="baiTap.practice.algorithm.TestUser" name="createUser" time="0.006"/>
  <testcase classname="baiTap.practice.algorithm.TestUser" name="triangle" time="0.009"/>
</testsuite> <!-- Command line test -->
